{
  "status": 404,
  "error": {
    "title": "Wrong ip",
    "message": "Please provide a valid IP address"
  }
}{
  "ip": "172.16.93.128",
  "bogon": true
}{
  "ip": "108.138.36.53",
  "hostname": "server-108-138-36-53.muc50.r.cloudfront.net",
  "city": "Seattle",
  "region": "Washington",
  "country": "US",
  "loc": "47.6062,-122.3321",
  "org": "AS16509 Amazon.com, Inc.",
  "postal": "98101",
  "timezone": "America/Los_Angeles",
  "readme": "https://ipinfo.io/missingauth"
}{
  "ip": "108.138.36.100",
  "hostname": "server-108-138-36-100.muc50.r.cloudfront.net",
  "city": "Seattle",
  "region": "Washington",
  "country": "US",
  "loc": "47.6062,-122.3321",
  "org": "AS16509 Amazon.com, Inc.",
  "postal": "98101",
  "timezone": "America/Los_Angeles",
  "readme": "https://ipinfo.io/missingauth"
}{
  "ip": "108.138.36.44",
  "hostname": "server-108-138-36-44.muc50.r.cloudfront.net",
  "city": "Seattle",
  "region": "Washington",
  "country": "US",
  "loc": "47.6062,-122.3321",
  "org": "AS16509 Amazon.com, Inc.",
  "postal": "98101",
  "timezone": "America/Los_Angeles",
  "readme": "https://ipinfo.io/missingauth"
}{
  "ip": "34.120.208.123",
  "hostname": "123.208.120.34.bc.googleusercontent.com",
  "anycast": true,
  "city": "Kansas City",
  "region": "Missouri",
  "country": "US",
  "loc": "39.0997,-94.5786",
  "org": "AS396982 Google LLC",
  "postal": "64106",
  "timezone": "America/Chicago",
  "readme": "https://ipinfo.io/missingauth"
}{
  "ip": "172.16.93.2",
  "bogon": true
}{
  "ip": "142.251.37.14",
  "hostname": "muc11s23-in-f14.1e100.net",
  "city": "Munich",
  "region": "Bavaria",
  "country": "DE",
  "loc": "48.1374,11.5755",
  "org": "AS15169 Google LLC",
  "postal": "80331",
  "timezone": "Europe/Berlin",
  "readme": "https://ipinfo.io/missingauth"
}{
  "ip": "74.125.13.200",
  "hostname": "muc12s02-in-f8.1e100.net",
  "city": "Frankfurt am Main",
  "region": "Hesse",
  "country": "DE",
  "loc": "50.1155,8.6842",
  "org": "AS15169 Google LLC",
  "postal": "60306",
  "timezone": "Europe/Berlin",
  "readme": "https://ipinfo.io/missingauth"
}{
  "ip": "93.184.216.34",
  "anycast": true,
  "city": "Culver City",
  "region": "California",
  "country": "US",
  "loc": "33.9728,-118.4276",
  "org": "AS15133 Edgecast Inc.",
  "postal": "90094",
  "timezone": "America/Los_Angeles",
  "readme": "https://ipinfo.io/missingauth"
}{
  "ip": "142.250.186.173",
  "hostname": "fra24s08-in-f13.1e100.net",
  "city": "Frankfurt am Main",
  "region": "Hesse",
  "country": "DE",
  "loc": "50.1155,8.6842",
  "org": "AS15169 Google LLC",
  "postal": "60306",
  "timezone": "Europe/Berlin",
  "readme": "https://ipinfo.io/missingauth"
}{
  "ip": "34.120.115.102",
  "hostname": "102.115.120.34.bc.googleusercontent.com",
  "anycast": true,
  "city": "Kansas City",
  "region": "Missouri",
  "country": "US",
  "loc": "39.0997,-94.5786",
  "org": "AS396982 Google LLC",
  "postal": "64106",
  "timezone": "America/Chicago",
  "readme": "https://ipinfo.io/missingauth"
}{
  "ip": "172.217.18.98",
  "hostname": "zrh04s05-in-f98.1e100.net",
  "city": "Frankfurt am Main",
  "region": "Hesse",
  "country": "DE",
  "loc": "50.1155,8.6842",
  "org": "AS15169 Google LLC",
  "postal": "60306",
  "timezone": "Europe/Berlin",
  "readme": "https://ipinfo.io/missingauth"
}{
  "ip": "18.66.192.13",
  "hostname": "server-18-66-192-13.muc50.r.cloudfront.net",
  "city": "Seattle",
  "region": "Washington",
  "country": "US",
  "loc": "47.6062,-122.3321",
  "org": "AS16509 Amazon.com, Inc.",
  "postal": "98101",
  "timezone": "America/Los_Angeles",
  "readme": "https://ipinfo.io/missingauth"
}{
  "ip": "35.244.181.201",
  "hostname": "201.181.244.35.bc.googleusercontent.com",
  "anycast": true,
  "city": "Kansas City",
  "region": "Missouri",
  "country": "US",
  "loc": "39.0997,-94.5786",
  "org": "AS15169 Google LLC",
  "postal": "64106",
  "timezone": "America/Chicago",
  "readme": "https://ipinfo.io/missingauth"
}{
  "ip": "34.117.237.239",
  "hostname": "239.237.117.34.bc.googleusercontent.com",
  "anycast": true,
  "city": "Kansas City",
  "region": "Missouri",
  "country": "US",
  "loc": "39.0997,-94.5786",
  "org": "AS396982 Google LLC",
  "postal": "64106",
  "timezone": "America/Chicago",
  "readme": "https://ipinfo.io/missingauth"
}{
  "ip": "18.66.192.21",
  "hostname": "server-18-66-192-21.muc50.r.cloudfront.net",
  "city": "Seattle",
  "region": "Washington",
  "country": "US",
  "loc": "47.6062,-122.3321",
  "org": "AS16509 Amazon.com, Inc.",
  "postal": "98101",
  "timezone": "America/Los_Angeles",
  "readme": "https://ipinfo.io/missingauth"
}{
  "ip": "93.184.220.29",
  "anycast": true,
  "city": "Culver City",
  "region": "California",
  "country": "US",
  "loc": "33.9728,-118.4276",
  "org": "AS15133 Edgecast Inc.",
  "postal": "90094",
  "timezone": "America/Los_Angeles",
  "readme": "https://ipinfo.io/missingauth"
}{
  "ip": "74.125.154.201",
  "hostname": "muc12s14-in-f9.1e100.net",
  "city": "Frankfurt am Main",
  "region": "Hesse",
  "country": "DE",
  "loc": "50.1155,8.6842",
  "org": "AS15169 Google LLC",
  "postal": "60306",
  "timezone": "Europe/Berlin",
  "readme": "https://ipinfo.io/missingauth"
}{
  "ip": "142.251.37.4",
  "hostname": "muc11s23-in-f4.1e100.net",
  "city": "Munich",
  "region": "Bavaria",
  "country": "DE",
  "loc": "48.1374,11.5755",
  "org": "AS15169 Google LLC",
  "postal": "80331",
  "timezone": "Europe/Berlin",
  "readme": "https://ipinfo.io/missingauth"
}{
  "ip": "172.217.16.182",
  "hostname": "fra15s11-in-f182.1e100.net",
  "city": "Frankfurt am Main",
  "region": "Hesse",
  "country": "DE",
  "loc": "50.1155,8.6842",
  "org": "AS15169 Google LLC",
  "postal": "60306",
  "timezone": "Europe/Berlin",
  "readme": "https://ipinfo.io/missingauth"
}{
  "ip": "35.232.111.17",
  "hostname": "17.111.232.35.bc.googleusercontent.com",
  "city": "Council Bluffs",
  "region": "Iowa",
  "country": "US",
  "loc": "41.2619,-95.8608",
  "org": "AS396982 Google LLC",
  "postal": "51502",
  "timezone": "America/Chicago",
  "readme": "https://ipinfo.io/missingauth"
}{
  "ip": "142.250.184.202",
  "hostname": "fra24s11-in-f10.1e100.net",
  "city": "Frankfurt am Main",
  "region": "Hesse",
  "country": "DE",
  "loc": "50.1155,8.6842",
  "org": "AS15169 Google LLC",
  "postal": "60306",
  "timezone": "Europe/Berlin",
  "readme": "https://ipinfo.io/missingauth"
}{
  "ip": "142.250.184.195",
  "hostname": "fra24s11-in-f3.1e100.net",
  "city": "Frankfurt am Main",
  "region": "Hesse",
  "country": "DE",
  "loc": "50.1155,8.6842",
  "org": "AS15169 Google LLC",
  "postal": "60306",
  "timezone": "Europe/Berlin",
  "readme": "https://ipinfo.io/missingauth"
}{
  "ip": "44.232.89.39",
  "hostname": "ec2-44-232-89-39.us-west-2.compute.amazonaws.com",
  "city": "Boardman",
  "region": "Oregon",
  "country": "US",
  "loc": "45.8399,-119.7006",
  "org": "AS16509 Amazon.com, Inc.",
  "postal": "97818",
  "timezone": "America/Los_Angeles",
  "readme": "https://ipinfo.io/missingauth"
}{
  "ip": "91.189.91.157",
  "hostname": "alphyn.canonical.com",
  "city": "Boston",
  "region": "Massachusetts",
  "country": "US",
  "loc": "42.3584,-71.0598",
  "org": "AS41231 Canonical Group Limited",
  "postal": "02108",
  "timezone": "America/New_York",
  "readme": "https://ipinfo.io/missingauth"
}